2017-11-29 11:27:52.5636  Current code is running for41
2017-11-29 11:27:52.5821  ******************************
2017-11-29 11:28:22.8864  url has been launched successfully, Please check the screenshot
2017-11-29 11:28:22.9113  English   Found at the page in enabled form  
2017-11-29 11:28:24.2269  English is Clicked    
2017-11-29 11:28:27.3456  PageContent_txtUser   Found at the page in enabled form 
2017-11-29 11:28:27.4308  hali is entered as Test Criteria   
2017-11-29 11:28:27.4840  PageContent_txtPassword   Found at the page in enabled form 
2017-11-29 11:28:27.5512  123 is entered as Test Criteria   
2017-11-29 11:28:27.5943  PageContent_btnSignIn   Found at the page in enabled form 
2017-11-29 11:28:31.6131  PageContent_btnSignIn is Clicked   
2017-11-29 11:28:32.6595  Dash Board Loaded Properly and User is able to Login to the RDC Application
2017-11-29 11:28:32.6675  Test Case Completed
2017-11-29 11:28:32.6675  ******************************
2017-11-29 11:28:32.6856  Test Case for Adding a Mediation Case Started
2017-11-29 11:28:32.6856  Every Step of this test case is Pre-Requisite
2017-11-29 11:28:32.7417  New Case   Found at the page in enabled form  
2017-11-29 11:28:33.2981  New Case is Clicked    
2017-11-29 11:28:34.3673  PageContent_btn_1   Found at the page in enabled form 
2017-11-29 11:28:35.7720  PageContent_btn_1 is Clicked   
2017-11-29 11:28:36.8342  PageContent_UCSelectContractMethod1_btnEjari   Found at the page in enabled form 
2017-11-29 11:28:37.0443  PageContent_UCSelectContractMethod1_btnEjari is Clicked   
2017-11-29 11:28:38.0853  PageContent_UCCaseContract1_UCSelectEjariContract1_txtEjariNo   Found at the page in enabled form 
2017-11-29 11:28:38.2147  0120130902002772 is entered as Test Criteria   
2017-11-29 11:28:38.2550  PageContent_UCCaseContract1_UCSelectEjariContract1_txtDewa   Found at the page in enabled form 
2017-11-29 11:28:38.3514  392029642 is entered as Test Criteria   
2017-11-29 11:28:38.3981  PageContent_UCCaseContract1_UCSelectEjariContract1_btnRetrieve   Found at the page in enabled form 
2017-11-29 11:28:38.4764  PageContent_UCCaseContract1_UCSelectEjariContract1_btnRetrieve is Clicked   
2017-11-29 11:28:41.5352  Tenancy Contract Information Found
2017-11-29 11:28:41.5392  ******************************
2017-11-29 11:28:41.5606  PageContent_btnNext   Found at the page in enabled form 
2017-11-29 11:28:41.6183  User can Add the Request
2017-11-29 11:28:41.6569  Case Request page loaded properly
2017-11-29 11:28:44.6811  PageContent_UCCaseRequest1_ddlRequestTypeNew   No Such element found  
2017-11-29 11:28:49.7246  PageContent_UCCaseRequest1_ddlRequestSubTypeNew   No Such element found  
2017-11-29 11:28:54.7484  User can Add the Request
2017-11-29 11:28:54.7774  Document page loaded properly
2017-11-29 11:28:57.8007  User can Add the Voucher
2017-11-29 11:28:57.8418  Vouchers page did not load properly
2017-11-29 11:28:57.8629  PageContent_btnNext   Found at the page in enabled form 
2017-11-29 11:28:58.2116  PageContent_btnNext is Clicked   
2017-11-29 11:28:58.2116  Test Case Completed, User has added the Parties
2017-11-29 11:28:58.2302  ******************************
