2018-01-03 12:27:31.1779  Current code is running for41
2018-01-03 12:27:31.1999  ******************************
2018-01-03 12:27:57.5343  url has been launched successfully, Please check the screenshot
2018-01-03 12:27:57.5624  English   Found at the page in enabled form  
2018-01-03 12:27:59.4596  English is Clicked    
2018-01-03 12:28:02.5638  PageContent_txtUser   Found at the page in enabled form 
2018-01-03 12:28:02.6511  hali is entered as Test Criteria   
2018-01-03 12:28:02.6952  PageContent_txtPassword   Found at the page in enabled form 
2018-01-03 12:28:02.7634  12345 is entered as Test Criteria   
2018-01-03 12:28:02.7995  PageContent_btnSignIn   Found at the page in enabled form 
2018-01-03 12:28:12.5543  PageContent_btnSignIn is Clicked   
2018-01-03 12:28:13.5843  Dash Board Loaded Properly and User is able to Login to the RDC Application
2018-01-03 12:28:13.5843  Test Case Completed
2018-01-03 12:28:13.5943  ******************************
2018-01-03 12:28:13.6108  Test Case for Adding a Payment Started
2018-01-03 12:28:13.6108  Every Step of this test case is Pre-Requisite
2018-01-03 12:28:13.6625  New Case   Found at the page in enabled form  
2018-01-03 12:28:13.9293  New Case is Clicked    
2018-01-03 12:28:16.9819  PageContent_btn_1   Found at the page in enabled form 
2018-01-03 12:28:18.5961  PageContent_btn_1 is Clicked   
2018-01-03 12:28:19.6417  PageContent_UCSelectContractMethod1_btnEjari   Found at the page in enabled form 
2018-01-03 12:28:19.9090  PageContent_UCSelectContractMethod1_btnEjari is Clicked   
2018-01-03 12:28:20.9477  PageContent_UCCaseContract1_UCSelectEjariContract1_txtEjariNo   Found at the page in enabled form 
2018-01-03 12:28:21.0841  0120130902002772 is entered as Test Criteria   
2018-01-03 12:28:21.1192  PageContent_UCCaseContract1_UCSelectEjariContract1_txtDewa   Found at the page in enabled form 
2018-01-03 12:28:21.1980  392029642 is entered as Test Criteria   
2018-01-03 12:28:21.2325  PageContent_UCCaseContract1_UCSelectEjariContract1_btnRetrieve   Found at the page in enabled form 
2018-01-03 12:28:21.3027  PageContent_UCCaseContract1_UCSelectEjariContract1_btnRetrieve is Clicked   
2018-01-03 12:28:51.3406  Tenancy Contract Information Found
2018-01-03 12:28:51.3457  ******************************
2018-01-03 12:28:51.3707  PageContent_btnNext   Found at the page in enabled form 
2018-01-03 12:28:51.9060  PageContent_btnNext is Clicked   
2018-01-03 12:28:56.9685  User has been Landed at Add Party Screen
2018-01-03 12:28:56.9968  PageContent_UCCaseParty1_grdCaseParty_lnkbtnEdit_0   Found at the page in enabled form 
2018-01-03 12:28:57.0598  PageContent_UCCaseParty1_grdCaseParty_lnkbtnEdit_0 is Clicked   
2018-01-03 12:28:57.0818  Party Information loaded properly
2018-01-03 12:29:00.1938  PageContent_UCCaseParty1_UCCasePartyDetail1_ddlCasePartyRole   Found and Value selected
2018-01-03 12:29:02.3314  PageContent_UCCaseParty1_UCCasePartyDetail1_ddlCasePartyTitle   Found and Value selected
2018-01-03 12:29:05.3617  PageContent_UCCaseParty1_UCCasePartyDetail1_btnAddPartyTitle   Found at the page in enabled form 
2018-01-03 12:29:05.4269  PageContent_UCCaseParty1_UCCasePartyDetail1_btnAddPartyTitle is Clicked   
2018-01-03 12:29:07.4760  PageContent_UCCaseParty1_UCCasePartyDetail1_UCPartyInfo1_UCPersonInformation1_dpIssueDate_txtDate   Found at the page in enabled form 
2018-01-03 12:29:07.7419  01/11/2017 is entered as Test Criteria   
2018-01-03 12:29:07.7690  PageContent_UCCaseParty1_UCCasePartyDetail1_UCPartyInfo1_UCPersonInformation1_dpIssueDate_txtDate   Found at the page in enabled form 
2018-01-03 12:29:07.8278  PageContent_UCCaseParty1_UCCasePartyDetail1_UCPartyInfo1_UCPersonInformation1_dpIssueDate_txtDate is Clicked   
2018-01-03 12:29:07.8599  PageContent_UCCaseParty1_UCCasePartyDetail1_UCPartyInfo1_UCPersonInformation1_dpExpiryDate_txtDate   Found at the page in enabled form 
2018-01-03 12:29:07.9782  01/11/2022 is entered as Test Criteria   
2018-01-03 12:29:08.0023  PageContent_UCCaseParty1_UCCasePartyDetail1_UCPartyInfo1_UCPersonInformation1_dpExpiryDate_txtDate   Found at the page in enabled form 
2018-01-03 12:29:08.0607  PageContent_UCCaseParty1_UCCasePartyDetail1_UCPartyInfo1_UCPersonInformation1_dpExpiryDate_txtDate is Clicked   
2018-01-03 12:29:08.0928  PageContent_UCCaseParty1_UCCasePartyDetail1_UCPartyInfo1_UCPersonInformation1_txtEmail   Found at the page in enabled form 
2018-01-03 12:29:08.4090  khurram.tahir@eres.ae is entered as Test Criteria   
2018-01-03 12:29:08.5238  PageContent_UCCaseParty1_UCCasePartyDetail1_UCPartyInfo1_UCPersonInformation1_ddlMobileCountryCode   Found and Value selected
2018-01-03 12:29:08.6542  PageContent_UCCaseParty1_UCCasePartyDetail1_UCPartyInfo1_UCPersonInformation1_ddlMobileOperatorCode   Found and Value selected
2018-01-03 12:29:08.7003  ctl00_PageContent_UCCaseParty1_UCCasePartyDetail1_UCPartyInfo1_UCPersonInformation1_txtMobileNumber   Found at the page in enabled form 
2018-01-03 12:29:08.8312  9073880 is entered as Test Criteria   
2018-01-03 12:29:08.8673  PageContent_UCCaseParty1_UCCasePartyDetail1_UCPartyInfo1_UCPersonInformation1_txtAddress   Found at the page in enabled form 
2018-01-03 12:29:08.9476  Dubai is entered as Test Criteria   
2018-01-03 12:29:08.9827  PageContent_UCCaseParty1_UCCasePartyDetail1_UCPartyInfo1_UCPersonInformation1_txtEmirateID   Found at the page in enabled form 
2018-01-03 12:29:09.2118  123456789012345 is entered as Test Criteria   
2018-01-03 12:29:09.2414  PageContent_UCCaseParty1_UCCasePartyDetail1_UCPartyInfo1_UCPersonInformation1_txtPassportNum   Found at the page in enabled form 
2018-01-03 12:29:09.3852  Passport0 is entered as Test Criteria   
2018-01-03 12:29:09.4072  PageContent_UCCaseParty1_UCCasePartyDetail1_UCPartyInfo1_UCPersonInformation1_dpExpiryDate_txtDate   Found at the page in enabled form 
2018-01-03 12:29:09.4510  PageContent_UCCaseParty1_UCCasePartyDetail1_UCPartyInfo1_UCPersonInformation1_dpExpiryDate_txtDate is Clicked   
2018-01-03 12:29:09.5112  PageContent_UCCaseParty1_UCCasePartyDetail1_btnSaveParty   Found at the page in enabled form 
2018-01-03 12:29:09.6165  PageContent_UCCaseParty1_UCCasePartyDetail1_btnSaveParty is Clicked   
2018-01-03 12:29:12.6743  is already exist in the system, please reload or cancel.
2018-01-03 12:29:12.6743  Party data already exist
2018-01-03 12:29:12.7043  PageContent_UCCaseParty1_UCCasePartyDetail1_UCPartyInfo1_UCPersonInformation1_btnDialogReload   Found at the page in enabled form 
2018-01-03 12:29:12.8006  PageContent_UCCaseParty1_UCCasePartyDetail1_UCPartyInfo1_UCPersonInformation1_btnDialogReload is Clicked   
2018-01-03 12:29:14.8466  PageContent_UCCaseParty1_UCCasePartyDetail1_btnSaveParty   Found at the page in enabled form 
2018-01-03 12:29:14.9208  PageContent_UCCaseParty1_UCCasePartyDetail1_btnSaveParty is Clicked   
2018-01-03 12:29:16.9706  PageContent_UCCaseParty1_grdCaseParty_lnkbtnEdit_1   Found at the page in enabled form 
2018-01-03 12:29:17.0293  PageContent_UCCaseParty1_grdCaseParty_lnkbtnEdit_1 is Clicked   
2018-01-03 12:29:17.0739  Party Information loaded properly
2018-01-03 12:29:20.2063  PageContent_UCCaseParty1_UCCasePartyDetail1_ddlCasePartyRole   Found and Value selected
2018-01-03 12:29:22.3310  PageContent_UCCaseParty1_UCCasePartyDetail1_ddlCasePartyTitle   Found and Value selected
2018-01-03 12:29:25.3804  PageContent_UCCaseParty1_UCCasePartyDetail1_btnAddPartyTitle   Found at the page in enabled form 
2018-01-03 12:29:25.4481  PageContent_UCCaseParty1_UCCasePartyDetail1_btnAddPartyTitle is Clicked   
2018-01-03 12:29:27.4825  PageContent_UCCaseParty1_UCCasePartyDetail1_UCPartyInfo1_UCPersonInformation1_dpIssueDate_txtDate   Found at the page in enabled form 
2018-01-03 12:29:27.6020  01/11/2016 is entered as Test Criteria   
2018-01-03 12:29:27.6311  PageContent_UCCaseParty1_UCCasePartyDetail1_UCPartyInfo1_UCPersonInformation1_dpIssueDate_txtDate   Found at the page in enabled form 
2018-01-03 12:29:27.6963  PageContent_UCCaseParty1_UCCasePartyDetail1_UCPartyInfo1_UCPersonInformation1_dpIssueDate_txtDate is Clicked   
2018-01-03 12:29:27.7234  PageContent_UCCaseParty1_UCCasePartyDetail1_UCPartyInfo1_UCPersonInformation1_dpExpiryDate_txtDate   Found at the page in enabled form 
2018-01-03 12:29:27.8313  01/11/2021 is entered as Test Criteria   
2018-01-03 12:29:27.8539  PageContent_UCCaseParty1_UCCasePartyDetail1_UCPartyInfo1_UCPersonInformation1_dpExpiryDate_txtDate   Found at the page in enabled form 
2018-01-03 12:29:27.9111  PageContent_UCCaseParty1_UCCasePartyDetail1_UCPartyInfo1_UCPersonInformation1_dpExpiryDate_txtDate is Clicked   
2018-01-03 12:29:27.9783  PageContent_UCCaseParty1_UCCasePartyDetail1_UCPartyInfo1_UCPersonInformation1_txtEmail   Found at the page in enabled form 
2018-01-03 12:29:28.2797  khurram.tahir@eres.ae is entered as Test Criteria   
2018-01-03 12:29:28.3374  PageContent_UCCaseParty1_UCCasePartyDetail1_UCPartyInfo1_UCPersonInformation1_ddlMobileCountryCode   Found and Value selected
2018-01-03 12:29:28.4437  PageContent_UCCaseParty1_UCCasePartyDetail1_UCPartyInfo1_UCPersonInformation1_ddlMobileOperatorCode   Found and Value selected
2018-01-03 12:29:28.4973  ctl00_PageContent_UCCaseParty1_UCCasePartyDetail1_UCPartyInfo1_UCPersonInformation1_txtMobileNumber   Found at the page in enabled form 
2018-01-03 12:29:28.5715  1234567 is entered as Test Criteria   
2018-01-03 12:29:28.5996  Address already entered and control is disable
2018-01-03 12:29:28.6367  PageContent_UCCaseParty1_UCCasePartyDetail1_UCPartyInfo1_UCPersonInformation1_txtEmirateID   Found at the page in enabled form 
2018-01-03 12:29:29.8557  123456789012346 is entered as Test Criteria   
2018-01-03 12:29:29.8818  Passport already entered and control is disable
2018-01-03 12:29:29.8989  PageContent_UCCaseParty1_UCCasePartyDetail1_UCPartyInfo1_UCPersonInformation1_dpExpiryDate_txtDate   Found at the page in enabled form 
2018-01-03 12:29:29.9390  PageContent_UCCaseParty1_UCCasePartyDetail1_UCPartyInfo1_UCPersonInformation1_dpExpiryDate_txtDate is Clicked   
2018-01-03 12:29:29.9696  PageContent_UCCaseParty1_UCCasePartyDetail1_btnSaveParty   Found at the page in enabled form 
2018-01-03 12:29:30.0689  PageContent_UCCaseParty1_UCCasePartyDetail1_btnSaveParty is Clicked   
2018-01-03 12:29:33.1328  PageContent_UCCaseParty1_grdCaseParty_lnkDelete_2   Found at the page in enabled form 
2018-01-03 12:29:33.1960  PageContent_UCCaseParty1_grdCaseParty_lnkDelete_2 is Clicked   
2018-01-03 12:29:37.2819  PageContent_UCCaseParty1_chkTermAndCondition   Found at the page in enabled form 
2018-01-03 12:29:37.3300  PageContent_UCCaseParty1_chkTermAndCondition is Clicked   
2018-01-03 12:29:37.3636  PageContent_btnNext   Found at the page in enabled form 
2018-01-03 12:29:38.0250  PageContent_btnNext is Clicked   
2018-01-03 12:29:38.0361  Test Case Completed, Business Object Added
2018-01-03 12:29:38.0361  ******************************
2018-01-03 12:29:41.0600  User can Add the Request
2018-01-03 12:29:41.1051  Case Request page loaded properly
2018-01-03 12:29:44.2071  PageContent_UCCaseRequest1_ddlRequestTypeNew   Found and Value selected
2018-01-03 12:29:49.3299  PageContent_UCCaseRequest1_ddlRequestSubTypeNew   Found and Value selected
2018-01-03 12:29:54.3781  PageContent_UCCaseRequest1_btnAddRequest   Found at the page in enabled form 
2018-01-03 12:29:54.4322  PageContent_UCCaseRequest1_btnAddRequest is Clicked   
2018-01-03 12:29:57.4629  PageContent_btnNext   Found at the page in enabled form 
2018-01-03 12:29:59.0006  PageContent_btnNext is Clicked   
2018-01-03 12:29:59.0096  Test Case Completed, Business Object Added
2018-01-03 12:29:59.0096  ******************************
2018-01-03 12:30:02.0311  User can Add the Request
2018-01-03 12:30:02.0642  Document page loaded properly
2018-01-03 12:30:05.1047  PageContent_btnNext   Found at the page in enabled form 
2018-01-03 12:30:07.2130  PageContent_btnNext is Clicked   
2018-01-03 12:30:07.2265  Test Case Completed, Business Object Added
2018-01-03 12:30:07.2461  ******************************
2018-01-03 12:30:10.2594  User can Add the Business Object
2018-01-03 12:30:10.3026   Page loaded properly
2018-01-03 12:30:12.4072  ctl00_PageContent_UCCaseVoucher1_grdVoucherDetails_ctl00_ctl04_ddlPartyName   Found and Value selected
2018-01-03 12:30:14.4565  PageContent_btnNext   Found at the page in enabled form 
2018-01-03 12:30:16.8933  PageContent_btnNext is Clicked   
2018-01-03 12:30:16.9053  Test Case Completed, Business Object Added
2018-01-03 12:30:16.9053  ******************************
2018-01-03 12:30:19.9232  User can Add the Business Object
2018-01-03 12:30:19.9680   Page loaded properly
2018-01-03 12:30:21.9926  ctl00_PageContent_UCCaseVoucher1_grdVoucherDetails_ctl00_ctl04_ddlPartyName   No Such element found  
2018-01-03 12:30:24.0235  PageContent_btnSubmitCase   Found at the page in enabled form 
2018-01-03 12:31:01.0414  PageContent_btnSubmitCase is Clicked   
2018-01-03 12:31:01.0565  Test Case Completed, Business Object Added
2018-01-03 12:31:01.0655  ******************************
2018-01-03 12:31:06.1311  Your case has not been registered
2018-01-03 12:31:09.1813  PageContent_UCCaseSaveResult1_btnPay   Found at the page in enabled form 
2018-01-03 12:31:09.2540  PageContent_UCCaseSaveResult1_btnPay is Clicked   
2018-01-03 12:31:16.7965  Test Case for Adding a Payment Started
2018-01-03 12:31:16.7965  Every Step of this test case is Pre-Requisite
2018-01-03 12:31:16.8545  New Case   Found at the page in enabled form  
2018-01-03 12:31:17.0869  New Case is Clicked    
2018-01-03 12:31:20.1431  PageContent_btn_2   Found at the page in enabled form 
2018-01-03 12:31:21.9501  PageContent_btn_2 is Clicked   
2018-01-03 12:31:25.0055  PageContent_UCRequestStartPoint1_rblRegistrationBasedOn_2   Found at the page in enabled form 
2018-01-03 12:31:25.0446  PageContent_UCRequestStartPoint1_rblRegistrationBasedOn_2 is Clicked   
2018-01-03 12:31:28.1003  PageContent_btnNext   Found at the page in enabled form 
2018-01-03 12:31:28.3296  PageContent_btnNext is Clicked   
2018-01-03 12:31:28.3296  Test Case Completed, Business Object Added
2018-01-03 12:31:28.3502  ******************************
2018-01-03 12:31:32.4115  PageContent_UCSelectContractMethod1_btnNoEjari   Found at the page in enabled form 
2018-01-03 12:31:32.6858  PageContent_UCSelectContractMethod1_btnNoEjari is Clicked   
2018-01-03 12:31:34.7485  PageContent_UCCaseContract1_UCContractInfo1_txtContractValue   Found at the page in enabled form 
2018-01-03 12:31:34.8220  100000 is entered as Test Criteria   
2018-01-03 12:31:34.8545  PageContent_UCCaseContract1_UCContractInfo1_dpStartDate_txtDate   Found at the page in enabled form 
2018-01-03 12:31:34.9081  PageContent_UCCaseContract1_UCContractInfo1_dpStartDate_txtDate is Clicked   
2018-01-03 12:31:34.9307  PageContent_UCCaseContract1_UCContractInfo1_dpStartDate_txtDate   Found at the page in enabled form 
2018-01-03 12:31:35.0580  01/01/2018 is entered as Test Criteria   
2018-01-03 12:31:35.0975  PageContent_UCCaseContract1_UCContractInfo1_dpEndDate_txtDate   Found at the page in enabled form 
2018-01-03 12:31:35.1425  PageContent_UCCaseContract1_UCContractInfo1_dpEndDate_txtDate is Clicked   
2018-01-03 12:31:35.1641  PageContent_UCCaseContract1_UCContractInfo1_dpEndDate_txtDate   Found at the page in enabled form 
2018-01-03 12:31:35.2824  31/12/2018 is entered as Test Criteria   
2018-01-03 12:31:35.3115  PageContent_UCCaseContract1_UCContractInfo1_btnCalculateAnnualAmount   Found at the page in enabled form 
2018-01-03 12:31:35.3766  PageContent_UCCaseContract1_UCContractInfo1_btnCalculateAnnualAmount is Clicked   
2018-01-03 12:31:37.4871  PageContent_UCCaseContract1_UCPropertyInformation1_ddlUnitType   Found and Value selected
2018-01-03 12:31:39.6027  PageContent_UCCaseContract1_UCPropertyInformation1_ddlUsage   Found and Value selected
2018-01-03 12:31:39.7039  PageContent_UCCaseContract1_UCPropertyInformation1_ddlArea   Found and Value selected
2018-01-03 12:31:39.7375  PageContent_UCCaseContract1_UCPropertyInformation1_txtPlotNo   Found at the page in enabled form 
2018-01-03 12:31:39.7927  123 is entered as Test Criteria   
2018-01-03 12:31:39.8252  PageContent_UCCaseContract1_UCPropertyInformation1_btnAddProperty   Found at the page in enabled form 
2018-01-03 12:31:39.8854  PageContent_UCCaseContract1_UCPropertyInformation1_btnAddProperty is Clicked   
2018-01-03 12:31:41.9416  PageContent_btnNext   Found at the page in enabled form 
2018-01-03 12:31:42.2469  PageContent_btnNext is Clicked   
2018-01-03 12:31:45.3090  PageContent_UCCaseParty1_UCCasePartyDetail1_btnAddParty   Found at the page in enabled form 
2018-01-03 12:31:45.3639  PageContent_UCCaseParty1_UCCasePartyDetail1_btnAddParty is Clicked   
2018-01-03 12:31:47.4706  PageContent_UCCaseParty1_UCCasePartyDetail1_ddlCasePartyRole   Found and Value selected
2018-01-03 12:31:49.5819  PageContent_UCCaseParty1_UCCasePartyDetail1_ddlContractPartyType   Found and Value selected
2018-01-03 12:31:51.6929  PageContent_UCCaseParty1_UCCasePartyDetail1_ddlCasePartyTitle   Found and Value selected
2018-01-03 12:31:53.7270  PageContent_UCCaseParty1_UCCasePartyDetail1_btnAddPartyTitle   Found at the page in enabled form 
2018-01-03 12:31:53.7816  PageContent_UCCaseParty1_UCCasePartyDetail1_btnAddPartyTitle is Clicked   
2018-01-03 12:31:55.8557  PageContent_UCCaseParty1_UCCasePartyDetail1_UCPartyInfo1_UCSelectCaseParty1_ddlIdType   No Such element found  
2018-01-03 12:31:57.9058  PageContent_UCCaseParty1_UCCasePartyDetail1_UCPartyInfo1_UCSelectCaseParty1_txtId   Found at the page in enabled form 
2018-01-03 12:31:58.0743  784197109698023 is entered as Test Criteria   
2018-01-03 12:31:58.1054  PageContent_UCCaseParty1_UCCasePartyDetail1_UCPartyInfo1_UCSelectCaseParty1_btnRetrieveFromEgov   Found at the page in enabled form 
2018-01-03 12:31:58.1852  PageContent_UCCaseParty1_UCCasePartyDetail1_UCPartyInfo1_UCSelectCaseParty1_btnRetrieveFromEgov is Clicked   
2018-01-03 12:32:01.2419  PageContent_UCCaseParty1_UCCasePartyDetail1_btnSaveParty   Found at the page in enabled form 
2018-01-03 12:32:01.2863  User can Add the Request
2018-01-03 12:32:01.3323  Case Request page loaded properly
2018-01-03 12:32:04.3709  PageContent_UCCaseRequest1_ddlRequestTypeNew   No Such element found  
2018-01-03 12:32:09.3939  PageContent_UCCaseRequest1_ddlRequestSubTypeNew   No Such element found  
2018-01-03 12:32:14.4159  User can Add the Request
2018-01-03 12:32:14.4921  Document page loaded properly
2018-01-03 12:32:17.5405  PageContent_btnNext   Found at the page in enabled form 
2018-01-03 12:32:17.6061  User can Add the Business Object
2018-01-03 12:32:17.6788  Vouchers page did not load properly
2018-01-03 12:32:17.7029  PageContent_btnNext   Found at the page in enabled form 
